# JRE version: OpenJDK Runtime Environment Temurin-17.0.8.1+1 (17.0.8.1+1) (build 17.0.8.1+1)
# Java VM: OpenJDK 64-Bit Server VM Temurin-17.0.8.1+1 (17.0.8.1+1, mixed mode, emulated-client, tiered, compressed oops, compressed class ptrs, g1 gc, windows-amd64)
GC Precious Log:
 CPUs: 12 total, 12 available
 Memory: 6005M
 Large Page Support: Disabled
 NUMA Support: Disabled
 Compressed Oops: Enabled (32-bit)
 Heap Region Size: 1M
 Heap Min Capacity: 8M
 Heap Initial Capacity: 94M
 Heap Max Capacity: 1G
 Pre-touch: Disabled
 Parallel Workers: 10
 Concurrent Workers: 3
 Concurrent Refinement Workers: 10
 Periodic GC: Disabled
Heap:
 garbage-first heap   total 81920K, used 30275K [0x00000000c0000000, 0x0000000100000000)
  region size 1024K, 1 young (1024K), 0 survivors (0K)
 Metaspace       used 57520K, committed 57984K, reserved 1114112K
  class space    used 7113K, committed 7360K, reserved 1048576K
GC Heap History (20 events):
Event: 4955.477 GC heap before
{Heap before GC invocations=462 (full 448):
 garbage-first heap   total 81920K, used 30275K [0x00000000c0000000, 0x0000000100000000)
  region size 1024K, 1 young (1024K), 0 survivors (0K)
 Metaspace       used 57520K, committed 57984K, reserved 1114112K
  class space    used 7113K, committed 7360K, reserved 1048576K
}
Event: 4955.513 GC heap after
{Heap after GC invocations=463 (full 449):
 garbage-first heap   total 81920K, used 30275K [0x00000000c0000000, 0x0000000100000000)
  region size 1024K, 0 young (0K), 0 survivors (0K)
 Metaspace       used 57520K, committed 57984K, reserved 1114112K
  class space    used 7113K, committed 7360K, reserved 1048576K
}
Event: 4965.677 GC heap before
{Heap before GC invocations=463 (full 449):
 garbage-first heap   total 81920K, used 30275K [0x00000000c0000000, 0x0000000100000000)
  region size 1024K, 1 young (1024K), 0 survivors (0K)
 Metaspace       used 57520K, committed 57984K, reserved 1114112K
  class space    used 7113K, committed 7360K, reserved 1048576K
}
Event: 4965.706 GC heap after
{Heap after GC invocations=464 (full 450):
 garbage-first heap   total 81920K, used 30275K [0x00000000c0000000, 0x0000000100000000)
  region size 1024K, 0 young (0K), 0 survivors (0K)
 Metaspace       used 57520K, committed 57984K, reserved 1114112K
  class space    used 7113K, committed 7360K, reserved 1048576K
}
Event: 4975.870 GC heap before
{Heap before GC invocations=464 (full 450):
 garbage-first heap   total 81920K, used 30275K [0x00000000c0000000, 0x0000000100000000)
  region size 1024K, 1 young (1024K), 0 survivors (0K)
 Metaspace       used 57520K, committed 57984K, reserved 1114112K
  class space    used 7113K, committed 7360K, reserved 1048576K
}
Event: 4975.909 GC heap after
{Heap after GC invocations=465 (full 451):
 garbage-first heap   total 81920K, used 30275K [0x00000000c0000000, 0x0000000100000000)
  region size 1024K, 0 young (0K), 0 survivors (0K)
 Metaspace       used 57520K, committed 57984K, reserved 1114112K
  class space    used 7113K, committed 7360K, reserved 1048576K
}
Event: 4986.066 GC heap before
{Heap before GC invocations=465 (full 451):
 garbage-first heap   total 81920K, used 30275K [0x00000000c0000000, 0x0000000100000000)
  region size 1024K, 1 young (1024K), 0 survivors (0K)
 Metaspace       used 57520K, committed 57984K, reserved 1114112K
  class space    used 7113K, committed 7360K, reserved 1048576K
}
Event: 4986.099 GC heap after
{Heap after GC invocations=466 (full 452):
 garbage-first heap   total 81920K, used 30275K [0x00000000c0000000, 0x0000000100000000)
  region size 1024K, 0 young (0K), 0 survivors (0K)
 Metaspace       used 57520K, committed 57984K, reserved 1114112K
  class space    used 7113K, committed 7360K, reserved 1048576K
}
Event: 4996.559 GC heap before
{Heap before GC invocations=466 (full 452):
 garbage-first heap   total 81920K, used 30275K [0x00000000c0000000, 0x0000000100000000)
  region size 1024K, 1 young (1024K), 0 survivors (0K)
 Metaspace       used 57520K, committed 57984K, reserved 1114112K
  class space    used 7113K, committed 7360K, reserved 1048576K
}
Event: 4996.968 GC heap after
{Heap after GC invocations=467 (full 453):
 garbage-first heap   total 81920K, used 30275K [0x00000000c0000000, 0x0000000100000000)
  region size 1024K, 0 young (0K), 0 survivors (0K)
 Metaspace       used 57520K, committed 57984K, reserved 1114112K
  class space    used 7113K, committed 7360K, reserved 1048576K
}
Event: 5007.152 GC heap before
{Heap before GC invocations=467 (full 453):
 garbage-first heap   total 81920K, used 30275K [0x00000000c0000000, 0x0000000100000000)
  region size 1024K, 1 young (1024K), 0 survivors (0K)
 Metaspace       used 57520K, committed 57984K, reserved 1114112K
  class space    used 7113K, committed 7360K, reserved 1048576K
}
Event: 5007.184 GC heap after
{Heap after GC invocations=468 (full 454):
 garbage-first heap   total 81920K, used 30275K [0x00000000c0000000, 0x0000000100000000)
  region size 1024K, 0 young (0K), 0 survivors (0K)
 Metaspace       used 57520K, committed 57984K, reserved 1114112K
  class space    used 7113K, committed 7360K, reserved 1048576K
}
Event: 5017.371 GC heap before
{Heap before GC invocations=468 (full 454):
 garbage-first heap   total 81920K, used 30275K [0x00000000c0000000, 0x0000000100000000)
  region size 1024K, 1 young (1024K), 0 survivors (0K)
 Metaspace       used 57520K, committed 57984K, reserved 1114112K
  class space    used 7113K, committed 7360K, reserved 1048576K
}
Event: 5017.406 GC heap after
{Heap after GC invocations=469 (full 455):
 garbage-first heap   total 81920K, used 30275K [0x00000000c0000000, 0x0000000100000000)
  region size 1024K, 0 young (0K), 0 survivors (0K)
 Metaspace       used 57520K, committed 57984K, reserved 1114112K
  class space    used 7113K, committed 7360K, reserved 1048576K
}
Event: 5027.561 GC heap before
{Heap before GC invocations=469 (full 455):
 garbage-first heap   total 81920K, used 30275K [0x00000000c0000000, 0x0000000100000000)
  region size 1024K, 1 young (1024K), 0 survivors (0K)
 Metaspace       used 57520K, committed 57984K, reserved 1114112K
  class space    used 7113K, committed 7360K, reserved 1048576K
}
Event: 5027.594 GC heap after
{Heap after GC invocations=470 (full 456):
 garbage-first heap   total 81920K, used 30275K [0x00000000c0000000, 0x0000000100000000)
  region size 1024K, 0 young (0K), 0 survivors (0K)
 Metaspace       used 57520K, committed 57984K, reserved 1114112K
  class space    used 7113K, committed 7360K, reserved 1048576K
}
Event: 5037.782 GC heap before
{Heap before GC invocations=470 (full 456):
 garbage-first heap   total 81920K, used 30275K [0x00000000c0000000, 0x0000000100000000)
  region size 1024K, 1 young (1024K), 0 survivors (0K)
 Metaspace       used 57520K, committed 57984K, reserved 1114112K
  class space    used 7113K, committed 7360K, reserved 1048576K
}
Event: 5037.823 GC heap after
{Heap after GC invocations=471 (full 457):
 garbage-first heap   total 81920K, used 30275K [0x00000000c0000000, 0x0000000100000000)
  region size 1024K, 0 young (0K), 0 survivors (0K)
 Metaspace       used 57520K, committed 57984K, reserved 1114112K
  class space    used 7113K, committed 7360K, reserved 1048576K
}
Event: 5048.010 GC heap before
{Heap before GC invocations=471 (full 457):
 garbage-first heap   total 81920K, used 30275K [0x00000000c0000000, 0x0000000100000000)
  region size 1024K, 1 young (1024K), 0 survivors (0K)
 Metaspace       used 57520K, committed 57984K, reserved 1114112K
  class space    used 7113K, committed 7360K, reserved 1048576K
}
Event: 5048.040 GC heap after
{Heap after GC invocations=472 (full 458):
 garbage-first heap   total 81920K, used 30275K [0x00000000c0000000, 0x0000000100000000)
  region size 1024K, 0 young (0K), 0 survivors (0K)
 Metaspace       used 57520K, committed 57984K, reserved 1114112K
  class space    used 7113K, committed 7360K, reserved 1048576K
}

